TN:
SF:src\CircularLoader.tsx
FN:5,CircularIndeterminate
FNF:1
FNH:1
FNDA:3,CircularIndeterminate
DA:2,2
DA:3,2
DA:5,2
DA:6,3
LF:4
LH:4
BRF:0
BRH:0
end_of_record
TN:
SF:src\Form.tsx
FN:14,(anonymous_0)
FN:23,(anonymous_1)
FN:47,(anonymous_2)
FN:52,(anonymous_3)
FN:87,(anonymous_4)
FNF:5
FNH:5
FNDA:8,(anonymous_0)
FNDA:3,(anonymous_1)
FNDA:3,(anonymous_2)
FNDA:14,(anonymous_3)
FNDA:3,(anonymous_4)
DA:1,1
DA:2,1
DA:3,1
DA:4,1
DA:15,8
DA:16,7
DA:23,7
DA:24,3
DA:25,3
DA:26,3
DA:27,3
DA:28,3
DA:32,2
DA:33,0
DA:35,1
DA:36,1
DA:37,1
DA:38,1
DA:40,2
DA:42,3
DA:47,7
DA:48,3
DA:49,3
DA:53,14
DA:54,14
DA:88,3
DA:129,1
LF:27
LH:26
BRDA:25,0,0,3
BRDA:32,1,0,0
BRDA:66,2,0,14
BRDA:66,2,1,14
BRDA:93,3,0,2
BRDA:93,3,1,12
BRDA:108,4,0,5
BRDA:108,4,1,7
BRF:8
BRH:7
end_of_record
TN:
SF:src\withRouter.tsx
FN:3,(anonymous_0)
FN:4,(anonymous_1)
FNF:2
FNH:2
FNDA:1,(anonymous_0)
FNDA:8,(anonymous_1)
DA:1,1
DA:3,1
DA:4,1
DA:5,8
DA:6,8
DA:7,8
DA:8,7
DA:15,1
DA:18,1
LF:9
LH:9
BRF:0
BRH:0
end_of_record
